0 info it worked if it ends with ok
1 verbose cli [ 'D:\\soft\\pulic\\node\\node.exe',
1 verbose cli   'D:\\soft\\pulic\\node\\node_modules\\npm\\bin\\npm-cli.js',
1 verbose cli   'run',
1 verbose cli   'dev' ]
2 info using npm@3.10.10
3 info using node@v6.11.0
4 verbose run-script [ 'predev', 'dev', 'postdev' ]
5 info lifecycle webpack_react-project@1.0.0~predev: webpack_react-project@1.0.0
6 silly lifecycle webpack_react-project@1.0.0~predev: no script for predev, continuing
7 info lifecycle webpack_react-project@1.0.0~dev: webpack_react-project@1.0.0
8 verbose lifecycle webpack_react-project@1.0.0~dev: unsafe-perm in lifecycle true
9 verbose lifecycle webpack_react-project@1.0.0~dev: PATH: D:\soft\pulic\node\node_modules\npm\bin\node-gyp-bin;D:\project\webpack\webpack_react_project\node_modules\.bin;C:\Python27\;C:\Python27\Scripts;C:\Windows\system32;C:\Windows;C:\Windows\System32\Wbem;C:\Windows\System32\WindowsPowerShell\v1.0\;C:\Program Files\MySQL\MySQL Server 5.5\bin;C:\Program Files\TortoiseSVN\bin;D:\soft\pulic\node\;D:\soft\dev\Git\cmd;D:\soft\pulic\node\node_global;D:\soft\dev\Microsoft VS Code\bin
10 verbose lifecycle webpack_react-project@1.0.0~dev: CWD: D:\project\webpack\webpack_react_project
11 silly lifecycle webpack_react-project@1.0.0~dev: Args: [ '/d /s /c', 'webpack-dev-server --inline --hot' ]
12 silly lifecycle webpack_react-project@1.0.0~dev: Returned: code: 3221225786  signal: null
13 info lifecycle webpack_react-project@1.0.0~dev: Failed to exec dev script
14 verbose stack Error: webpack_react-project@1.0.0 dev: `webpack-dev-server --inline --hot`
14 verbose stack Exit status 3221225786
14 verbose stack     at EventEmitter.<anonymous> (D:\soft\pulic\node\node_modules\npm\lib\utils\lifecycle.js:255:16)
14 verbose stack     at emitTwo (events.js:106:13)
14 verbose stack     at EventEmitter.emit (events.js:191:7)
14 verbose stack     at ChildProcess.<anonymous> (D:\soft\pulic\node\node_modules\npm\lib\utils\spawn.js:40:14)
14 verbose stack     at emitTwo (events.js:106:13)
14 verbose stack     at ChildProcess.emit (events.js:191:7)
14 verbose stack     at maybeClose (internal/child_process.js:891:16)
14 verbose stack     at Process.ChildProcess._handle.onexit (internal/child_process.js:226:5)
15 verbose pkgid webpack_react-project@1.0.0
16 verbose cwd D:\project\webpack\webpack_react_project
17 error Windows_NT 6.1.7600
18 error argv "D:\\soft\\pulic\\node\\node.exe" "D:\\soft\\pulic\\node\\node_modules\\npm\\bin\\npm-cli.js" "run" "dev"
19 error node v6.11.0
20 error npm  v3.10.10
21 error code ELIFECYCLE
22 error webpack_react-project@1.0.0 dev: `webpack-dev-server --inline --hot`
22 error Exit status 3221225786
23 error Failed at the webpack_react-project@1.0.0 dev script 'webpack-dev-server --inline --hot'.
23 error Make sure you have the latest version of node.js and npm installed.
23 error If you do, this is most likely a problem with the webpack_react-project package,
23 error not with npm itself.
23 error Tell the author that this fails on your system:
23 error     webpack-dev-server --inline --hot
23 error You can get information on how to open an issue for this project with:
23 error     npm bugs webpack_react-project
23 error Or if that isn't available, you can get their info via:
23 error     npm owner ls webpack_react-project
23 error There is likely additional logging output above.
24 verbose exit [ 1, true ]
